// Generated by codeGenerator
.data
.text
.global _start

# start OP
# start OP
la a1, a
lw a0, 0(a1)
addi sp, sp, -4
sw a0, 0(sp)
addi sp, sp, -4
sw a1, 0(sp)

lw a3, 0(sp)
addi sp, sp, 4
lw a2, 0(sp)
addi sp, sp, 4

mv a0, a3
# end OP
addi sp, sp, -4
sw a0, 0(sp)
addi sp, sp, -4
sw a1, 0(sp)

# start OP
la a1, p
lw a0, 0(a1)
addi sp, sp, -4
sw a0, 0(sp)
addi sp, sp, -4
sw a1, 0(sp)

lw a3, 0(sp)
addi sp, sp, 4
lw a2, 0(sp)
addi sp, sp, 4

mv a1, a2
lw a0, 0(a1)
mv a0, a3
# end OP
lw a3, 0(sp)
addi sp, sp, 4
lw a2, 0(sp)
addi sp, sp, 4

sw a0, 0(a1)

# end OP

li a0, 10
ecall
